Arguments: 
  H:\node\node.exe H:\node\node_modules\yarn\bin\yarn.js add store

PATH: 
  C:\Users\Lucky\bin;H:\git\Git\mingw64\bin;H:\git\Git\usr\local\bin;H:\git\Git\usr\bin;H:\git\Git\usr\bin;H:\git\Git\mingw64\bin;H:\git\Git\usr\bin;C:\Users\Lucky\bin;C:\ProgramData\Oracle\Java\javapath;C:\Program Files (x86)\Intel\iCLS Client;C:\Program Files\Intel\iCLS Client;C:\windows\system32;C:\windows;C:\windows\System32\Wbem;C:\windows\System32\WindowsPowerShell\v1.0;C:\Program Files (x86)\Intel\Intel(R) Management Engine Components\DAL;C:\Program Files\Intel\Intel(R) Management Engine Components\DAL;C:\Program Files (x86)\Intel\Intel(R) Management Engine Components\IPT;C:\Program Files\Intel\Intel(R) Management Engine Components\IPT;C:\Program Files (x86)\NVIDIA Corporation\PhysX\Common;C:\WINDOWS\system32;C:\WINDOWS;C:\WINDOWS\System32\Wbem;C:\WINDOWS\System32\WindowsPowerShell\v1.0;H:\java\jdk\bin;H:\node;H:\webstorm\webstorm\WebStorm 2017.2.4\bin;H:\git\Git\cmd;H:\svn\bin;C:\Program Files\Intel\WiFi\bin;C:\Program Files\Common Files\Intel\WirelessCommon;C:\Program Files\MySQL\MySQL Utilities 1.6;C:\Users\Lucky\AppData\Local\Microsoft\WindowsApps;C:\Users\Lucky\AppData\Roaming\npm;H:\VS Code\bin;C:\Users\Lucky\AppData\Local\atom\bin;H:\git\Git\usr\bin\vendor_perl;H:\git\Git\usr\bin\core_perl

Yarn version: 
  1.3.2

Node version: 
  6.11.3

Platform: 
  win32 x64

npm manifest: 
  {
    "dependencies": {
      "jquery": "^3.3.1",
      "normalize.css": "^8.0.0"
    }
  }

yarn manifest: 
  No manifest

Lockfile: 
  # THIS IS AN AUTOGENERATED FILE. DO NOT EDIT THIS FILE DIRECTLY.
  # yarn lockfile v1
  
  
  jquery@^3.3.1:
    version "3.3.1"
    resolved "https://registry.yarnpkg.com/jquery/-/jquery-3.3.1.tgz#958ce29e81c9790f31be7792df5d4d95fc57fbca"
  
  normalize.css@^8.0.0:
    version "8.0.0"
    resolved "https://registry.yarnpkg.com/normalize.css/-/normalize.css-8.0.0.tgz#14ac5e461612538a4ce9be90a7da23f86e718493"

Trace: 
  Error: connect ETIMEDOUT 104.16.59.173:443
      at Object.exports._errnoException (util.js:1020:11)
      at exports._exceptionWithHostPort (util.js:1043:20)
      at TCPConnectWrap.afterConnect [as oncomplete] (net.js:1086:14)
